         w __deregister_frame_info
         w __register_frame_info
         w __syscall_lock_close_recursive
         w userAppExit
         w userAppInit
00000000 00000802 B __ctru_dev_utf16_buf
00000000 b _TLS_MODULE_BASE_
00000000 a shift
00000000 a shift
00000804 00000401 B __ctru_dev_path_buf
00100000 A __start__
00100000 T _start
00100008 T __service_ptr
0010000c T __apt_appid
00100010 T __heap_size
00100014 T __linear_heap_size
00100018 T __system_arglist
0010001c T __system_runflags
00100020 t startup
00100058 t ClearMem
0010006c t ClrLoop
00100094 T _init
001000ac T __aeabi_idiv
001000ac 00000220 T __divsi3
001000b4 t .divsi3_skip_div0_test
001002cc 00000020 T __aeabi_idivmod
001002ec 00000004 W __aeabi_idiv0
001002ec 00000004 W __aeabi_ldiv0
001002f0 T __aeabi_drsub
001002f8 000002b0 T __aeabi_dsub
001002f8 000002b0 T __subdf3
001002fc 000002ac T __adddf3
001002fc 000002ac T __aeabi_dadd
001005a8 00000024 T __aeabi_ui2d
001005a8 00000024 T __floatunsidf
001005cc 00000028 T __aeabi_i2d
001005cc 00000028 T __floatsidf
001005f4 00000048 T __aeabi_f2d
001005f4 00000048 T __extendsfdf2
0010063c 00000074 T __aeabi_ul2d
0010063c 00000074 T __floatundidf
00100650 00000060 T __aeabi_l2d
00100650 00000060 T __floatdidf
001006b0 T __aeabi_uldivmod
00100708 00000390 T strcmp
00100a90 t .udivsi3_skip_div0_test
00100a90 T __aeabi_uidiv
00100a90 000001ec T __udivsi3
00100c7c 00000020 T __aeabi_uidivmod
00100c9c t __do_global_dtors_aux
00100cdc t frame_dummy
00100d08 00000154 T main
00100e5c 0000002c T Dux::init()
00100e88 00000020 T Dux::update_buttons()
00100ea8 00000014 T Dux::pressed(unsigned long)
00100ebc 00000014 T Dux::held(unsigned long)
00100ed0 00000040 T Dux::begin_render()
00100f10 00000008 T Dux::end_render()
00100f18 00000014 T Dux::end()
00100f2c 00000020 T Rectangle::Rectangle(float, float, float, float, unsigned long)
00100f2c 00000020 T Rectangle::Rectangle(float, float, float, float, unsigned long)
00100f4c 0000002c T Rectangle::render()
00100f78 0000001c T Rectangle::move(float, float)
00100f94 00000044 t C2Di_FrameEndHook
00100fd8 0000036c T C2D_Init
00101344 0000004c T C2D_Fini
00101390 000000b8 T C2D_Prepare
00101448 00000048 T C2D_Flush
00101490 00000104 T C2D_SceneSize
00101594 00000058 T C2D_CreateScreenTarget
001015ec 00000064 T C2D_TargetClear
00101650 00000058 T C2Di_AppendQuad
001016a8 00000550 T C2Di_Update
00101bf8 00000158 T C2D_DrawRectangle
00101d50 00000004 W C3Di_LightEnvUpdate
00101d54 00000004 W C3Di_LightEnvDirty
00101d58 000000b4 t C3Di_AptEventHook
00101e0c 00000004 W C3Di_GasUpdate
00101e10 000001e0 T C3D_Init
00101ff0 00000098 T C3D_SetViewport
00102088 000004e8 T C3Di_UpdateContext
00102570 000000e0 T C3Di_SplitFrame
00102650 00000044 T C3D_Fini
00102694 00000114 T C3D_BindProgram
001027a8 0000004c t onVBlank0
001027f4 0000004c t onVBlank1
00102840 00000080 t C3Di_RenderTargetDestroy
001028c0 000000f4 t onQueueFinish
001029b4 00000038 T C3Di_RenderQueueEnableVBlank
001029ec 00000030 T C3Di_RenderQueueDisableVBlank
00102a1c 00000060 T C3Di_RenderQueueInit
00102a7c 000000b0 T C3Di_RenderQueueExit
00102b2c 00000034 T C3Di_RenderQueueWaitDone
00102b60 000000e4 T C3D_FrameBegin
00102c44 00000048 T C3D_FrameDrawOn
00102c8c 00000058 T C3D_FrameSplit
00102ce4 000001d8 T C3D_FrameEnd
00102ebc 0000001c T C3D_FrameEndHook
00102ed8 00000184 T C3D_RenderTargetCreate
0010305c 000000a8 T C3D_RenderTargetSetOutput
00103104 00000044 T C3D_TexBind
00103148 0000016c T C3Di_SetTex
001032b4 0000001c T C3D_CalcColorBufSize
001032d0 0000001c T C3D_CalcDepthBufSize
001032ec 00000044 T C3D_SetFrameBuf
00103330 0000016c T C3Di_FrameBufBind
0010349c 000000c8 T C3D_FrameBufClear
00103564 00000044 T C3D_FrameBufTransfer
001035a8 00000034 T C3D_GetTexEnv
001035dc 00000024 T C3Di_TexEnvBind
00103600 00000218 T C3D_DrawElements
00103818 00000070 T C3D_ProcTexInit
00103888 00000054 T C3D_ProcTexBind
001038dc 0000005c T C3D_ProcTexLutBind
00103938 000000a4 T ProcTexLut_FromArray
001039dc 0000017c T C3Di_ProcTexUpdate
00103b58 00000068 T C3Di_ProcTexDirty
00103bc0 00000024 T BufInfo_Init
00103be4 00000080 T BufInfo_Add
00103c64 00000040 T C3D_SetBufInfo
00103ca4 00000048 T C3Di_BufInfoBind
00103cec 00000040 T C3D_DepthMap
00103d2c 0000001c T C3D_CullFace
00103d48 00000040 T C3D_StencilTest
00103d88 00000024 T C3D_StencilOp
00103dac 0000001c T C3D_BlendingColor
00103dc8 00000024 T C3D_EarlyDepthTest
00103dec 0000002c T C3D_DepthTest
00103e18 0000002c T C3D_AlphaTest
00103e44 00000050 T C3D_AlphaBlend
00103e94 00000030 T C3D_FragOpMode
00103ec4 00000044 T C3D_FragOpShadow
00103f08 000001ac T C3Di_EffectBind
001040b4 00000028 T AttrInfo_Init
001040dc 00000094 T AttrInfo_AddLoader
00104170 00000054 T C3D_SetAttrInfo
001041c4 00000080 T C3Di_AttrInfoBind
00104244 000000a8 T C3D_ImmSendAttrib
001042ec 00000280 T C3D_UpdateUniforms
0010456c 000000c0 T C3Di_DirtyUniforms
0010462c 000000d8 T C3Di_LoadShaderUniforms
00104704 00000028 T C3Di_ClearShaderUniforms
0010472c 000000cc T Mtx_Ortho
001047f8 000000cc T Mtx_OrthoTilt
001048c4 00000024 t addrMapNodeComparator(rbtree_node const*, rbtree_node const*)
001048e8 00000004 t addrMapNodeDestructor(rbtree_node*)
001048ec 00000250 T vramMemAlignAt
00104b3c 0000000c T vramAlloc
00104b48 0000000c T vramAllocAt
00104b54 00000090 T vramFree
00104be4 00000024 t addrMapNodeComparator(rbtree_node const*, rbtree_node const*)
00104c08 00000004 t addrMapNodeDestructor(rbtree_node*)
00104c0c 00000120 T linearMemAlign
00104d2c 00000008 T linearAlloc
00104d34 0000005c T linearFree
00104d90 00000080 T MemPool::CoalesceRight(MemBlock*)
00104e10 0000016c T MemPool::Allocate(MemChunk&, unsigned long, int)
00104f7c 000000fc T MemPool::Deallocate(MemChunk const&)
00105078 00000030 T MemPool::GetFreeSpace()
001050a8 00000074 T osConvertVirtToPhys
0010511c 00000034 T __ctru_speedup_config
00105150 000001e8 t parseColor
00105338 000001ac T consoleDrawChar
001054e4 00000124 T consolePrintChar
00105608 00000b94 T con_write
0010619c 000000fc t newRow
00106298 00000168 T consoleInit
00106400 000000d0 t gfxPresentFramebuffer
001064d0 0000001c T gfxIsWide
001064ec 000000ec T gfxSetScreenFormat
001065d8 00000010 T gfxSetDoubleBuffering
001065e8 000000e0 T gfxInit
001066c8 00000010 T gfxInitDefault
001066d8 000000b4 T gfxExit
0010678c 000000a0 T gfxGetFramebuffer
0010682c 00000104 T gfxFlushBuffers
00106930 00000030 T gfxScreenSwapBuffers
00106960 00000050 T gfxSwapBuffersGpu
001069b0 000001d4 T shaderInstanceInit
00106b84 00000018 T shaderInstanceGetUniformLocation
00106b9c 0000001c T shaderProgramInit
00106bb8 00000064 T shaderProgramFree
00106c1c 00000080 T shaderProgramSetVsh
00106c9c 000008e0 T shaderProgramConfigure
0010757c 000001cc t DVLE_GenerateOutmap.part.0
00107748 000001b4 T DVLB_ParseFile
001078fc 00000038 T DVLB_Free
00107934 00000074 T DVLE_GetUniformRegister
001079a8 00000010 T GX_BindQueue
001079b8 00000078 T GX_ProcessCommandList
00107a30 00000074 T GX_MemoryFill
00107aa4 00000070 T GX_DisplayTransfer
00107b14 00000068 t gxCmdQueueDoCommands.part.0
00107b7c 000000c8 T gxCmdQueueInterrupt
00107c44 0000004c T gxCmdQueueClear
00107c90 000000f8 T gxCmdQueueAdd
00107d88 00000080 T gxCmdQueueRun
00107e08 00000060 T gxCmdQueueStop
00107e68 00000074 T gxCmdQueueWait
00107edc 0000013c T GPUCMD_Add
00108018 000000b0 T GPUCMD_Split
001080c8 00000034 T f32tof16
001080fc 00000034 T f32tof24
00108130 00000038 T f32tof31
00108168 00000c58 t gspHardwareInit
00108dc0 00000248 T gspInit
00109008 000000f0 T gspExit
001090f8 00000010 T gspHasGpuRight
00109108 000000a0 T gspPresentBuffer
001091a8 00000030 T gspSetEventCallback
001091d8 00000044 T gspWaitForEvent
0010921c 0000004c T gspWaitForAnyEvent
00109268 00000158 t gspEventThreadMain
001093c0 00000130 T gspSubmitGxCommand
001094f0 00000050 T GSPGPU_FlushDataCache
00109540 00000034 T GSPGPU_SetLcdForceBlack
00109574 00000068 T GSPGPU_AcquireRight
001095dc 00000048 T GSPGPU_ReleaseRight
00109624 0000007c T GSPGPU_ImportDisplayCaptureInfo
001096a0 0000002c T GSPGPU_SaveVramSysArea
001096cc 0000002c T GSPGPU_RestoreVramSysArea
001096f8 000001a4 t aptConvertScreenForCapture
0010989c 00000008 W aptDspSleep
001098a4 00000004 W aptDspWakeup
001098a8 00000004 W aptDspCancel
001098ac 00000158 T aptSendCommand
00109a08 00000044 t aptExitProcess
00109a4c 000002f4 T aptExit
00109d40 000000e0 T aptHandleSleep
00109e20 00000030 T aptHook
00109e50 00000030 T aptUnhook
00109e80 00000084 T APT_SleepIfShellClosed
00109f04 00000084 T aptSetSleepAllowed
00109f88 00000084 T APT_UnlockTransition
0010a010 000004a4 t aptEventHandler
0010a4b4 000000b0 T APT_ReceiveParameter
0010a564 000000b0 t aptReceiveParameter.constprop.0
0010a618 000002ac t aptScreenTransfer
0010a8c4 00000344 t aptWaitForWakeUp.isra.0
0010ac08 00000100 T aptJumpToHomeMenu
0010ad08 00000048 T aptMainLoop
0010ad50 0000022c T aptInit
0010af7c 0000007c T APT_CheckNew3DS
0010aff8 00000024 W hidShouldUseIrrst
0010b01c 0000018c T hidInit
0010b1a8 000000e8 T hidExit
0010b290 000002a4 T hidScanInput
0010b534 00000010 T hidKeysHeld
0010b544 00000010 T hidKeysDown
0010b554 00000074 T ptmSysmInit
0010b5c8 0000003c T ptmSysmExit
0010b604 00000034 T PTMSYSM_ConfigureNew3DSCPU
0010b638 00000010 T rbtree_init
0010b648 000001b4 t do_insert
0010b7fc 00000008 T rbtree_insert
0010b804 00000090 T rbtree_rotate
0010b894 00000318 T rbtree_remove
0010bbac 00000074 T rbtree_find
0010bc20 000001e0 W __system_allocateHeaps
0010be00 00000038 W __libctru_init
0010be38 00000170 W __system_initArgv
0010bfa8 T svcControlMemory
0010bfc8 T svcQueryMemory
0010bff8 T svcExitProcess
0010c000 T svcCreateThread
0010c020 T svcExitThread
0010c028 T svcSleepThread
0010c030 T svcReleaseMutex
0010c038 T svcCreateEvent
0010c04c T svcSignalEvent
0010c054 T svcClearEvent
0010c05c T svcMapMemoryBlock
0010c064 T svcUnmapMemoryBlock
0010c06c T svcCreateAddressArbiter
0010c080 T svcArbitrateAddressNoTimeout
0010c088 T svcCloseHandle
0010c090 T svcWaitSynchronization
0010c098 T svcWaitSynchronizationN
0010c0c0 T svcDuplicateHandle
0010c0d4 T svcGetSystemTick
0010c0dc T svcConnectToPort
0010c0f0 T svcSendSyncRequest
0010c0f8 T svcGetResourceLimit
0010c10c T svcGetResourceLimitLimitValues
0010c114 T svcGetResourceLimitCurrentValues
0010c11c T svcBreak
0010c124 W initSystem
0010c174 W __ctru_exit
0010c18c 0000000c T __sync_init
0010c198 00000018 T __sync_fini
0010c1b0 0000002c T syncArbitrateAddress
0010c1dc 000000b0 T LightLock_Lock
0010c28c 00000040 T LightLock_Unlock
0010c2cc 00000024 T RecursiveLock_Init
0010c2f0 00000030 T RecursiveLock_Lock
0010c320 00000054 T RecursiveLock_Unlock
0010c374 00000040 T LightEvent_Init
0010c3b4 000000a4 T LightEvent_Clear
0010c458 000000c8 T LightEvent_Signal
0010c520 00000050 T LightEvent_TryWait
0010c570 000000b0 T LightEvent_Wait
0010c620 00000130 T srvInit
0010c750 00000058 T srvExit
0010c7a8 000000a0 T srvGetServiceHandleDirect
0010c848 00000038 T srvGetServiceHandle
0010c880 00000038 T srvPublishToSubscriber
0010c8b8 00000178 T threadCreate
0010ca30 0000002c T threadFree
0010ca5c 00000024 T threadJoin
0010ca80 00000030 T threadGetCurrent
0010cab0 00000040 T threadExit
0010caf0 00000020 t _thread_begin
0010cb10 000000b4 t mappableFindAddressWithin
0010cbc4 00000028 T mappableInit
0010cbec 00000080 T mappableAlloc
0010cc6c 00000004 T mappableFree
0010cc70 00000164 T irrstInit
0010cdd4 000000cc T irrstExit
0010cea0 000000b4 T irrstScanInput
0010cf54 00000024 T irrstKeysHeld
0010cf78 0000000c T srvPmGetSessionHandle
0010cf84 0000005c T rbtree_node_next
0010cfe0 00000030 W __appInit
0010d010 00000030 T __syscall_getreent
0010d040 00000004 T __syscall_lock_acquire
0010d044 00000004 T __syscall_lock_release
0010d048 00000004 T __syscall_lock_init_recursive
0010d04c 00000004 T __syscall_lock_acquire_recursive
0010d050 00000004 T __syscall_lock_release_recursive
0010d054 00000004 T __syscall_exit
0010d058 00000050 T initThreadVars
0010d0a8 00000068 T __system_initSyscalls
0010d110 00000030 W __appExit
0010d140 00000090 W __libctru_exit
0010d1d0 00000084 W envGetHandle
0010d254 00000050 W envDestroyHandles
0010d2a4 00000014 t archive_link
0010d2b8 00000014 t archive_dirreset
0010d2cc 00000014 t archive_chmod
0010d2e0 00000024 t error_cmp
0010d304 00000050 t archive_translate_error
0010d354 000000c8 t archive_seek
0010d41c 0000007c t _archiveInit.part.0
0010d498 000000c4 t archiveFindDevice.part.0
0010d55c 0000025c t archive_utf16path
0010d7b8 000000a0 t _archiveUnmountDeviceStruct.part.0
0010d858 00000014 t archive_fchmod
0010d86c 00000014 t archive_statvfs
0010d880 00000164 t _archiveMountDevice
0010d9e4 000000e8 t archive_diropen
0010dacc 000000a4 t archive_fstat
0010db70 0000006c t archive_close
0010dbdc 0000006c t archive_fsync
0010dc48 00000070 t archive_dirclose
0010dcb8 000000e8 t sdmc_statvfs
0010dda0 000000ec t archive_chdir
0010de8c 0000007c t archive_ftruncate
0010df08 000000ac t archive_read
0010dfb4 000000a4 t archive_unlink
0010e058 000000bc t archive_rmdir
0010e114 000000dc t archive_mkdir
0010e1f0 0000019c t archive_stat
0010e38c 0000015c t archive_dirnext
0010e4e8 000000ec t archive_write
0010e5d4 000001d4 t archive_open
0010e7a8 00000278 t archive_rename
0010ea20 0000019c T archiveMountSdmc
0010ebbc 00000054 T archiveUnmountAll
0010ec10 000000cc T fsInit
0010ecdc 0000003c T fsExit
0010ed18 00000060 T fsExemptFromSession
0010ed78 00000050 T fsUnexemptFromSession
0010edc8 000000cc T FSUSER_OpenFile
0010ee94 000000bc T FSUSER_DeleteFile
0010ef50 000000f8 T FSUSER_RenameFile
0010f048 000000bc T FSUSER_DeleteDirectory
0010f104 000000d4 T FSUSER_CreateFile
0010f1d8 000000c4 T FSUSER_CreateDirectory
0010f29c 000000f8 T FSUSER_RenameDirectory
0010f394 000000b4 T FSUSER_OpenDirectory
0010f448 00000098 T FSUSER_OpenArchive
0010f4e0 0000008c T FSUSER_CloseArchive
0010f56c 00000074 T FSUSER_GetSdmcArchiveResource
0010f5e0 00000064 T FSUSER_IsSdmcWritable
0010f644 00000058 T FSFILE_Read
0010f69c 00000060 T FSFILE_Write
0010f6fc 0000003c T FSFILE_GetSize
0010f738 00000028 T FSFILE_SetSize
0010f760 0000003c T FSFILE_Close
0010f79c 00000024 T FSFILE_Flush
0010f7c0 00000050 T FSDIR_Read
0010f810 0000003c T FSDIR_Close
0010f84c 000000e8 T utf16_to_utf8
0010f934 00000064 T decode_utf16
0010f998 0000013c T decode_utf8
0010fad4 000000c0 T utf8_to_utf16
0010fb94 T __aeabi_read_tp
0010fba0 00000054 T encode_utf16
0010fbf4 000000e0 T encode_utf8
0010fcd4 00000120 T __udivmoddi4
0010fdf4 00000078 T bsearch
0010fe6c 00000020 T calloc
0010fe8c 000000c0 T _calloc_r
0010ff4c 0000000c T __errno
0010ff58 00000034 T exit
0010ff8c 00000234 T __sflush_r
001101c0 00000094 T _fflush_r
00110254 0000000c T _cleanup_r
00110260 00000184 T __sinit
001103e4 0000000c T __sfp_lock_acquire
001103f0 0000000c T __sfp_lock_release
001103fc 0000003c T __libc_fini_array
00110438 000000f8 T _malloc_trim_r
00110530 000002e8 T _free_r
00110818 00000070 T _fwalk_reent
00110888 00000084 T __libc_init_array
0011090c 00000020 T memalign
0011092c 0000014c T _memalign_r
00110a78 00000018 T malloc
00110a90 00000018 T free
00110aa8 000007e4 T _malloc_r
0011128c 000000e4 T memchr
00111370 00000118 T memcpy
00111488 000000f4 T memset
0011157c 0000000c T __malloc_lock
00111588 0000000c T __malloc_unlock
00111594 00000034 T printf
001115c8 0000025c T setvbuf
00111824 00000074 T sscanf
00111898 00000044 T __sread
001118dc 00000008 T __seofread
001118e4 00000068 T __swrite
0011194c 00000044 T __sseek
00111990 00000008 T __sclose
00111998 0000005c T strlen
001119f4 000000e4 T strncat
00111ad8 000000e4 T strncmp
00111bbc 000000c4 T strncpy
00111c80 00000048 T strnlen
00111cc8 000001c4 t _strtoul_l.constprop.0
00111e8c 00000004 T _strtoul_r
00111e90 00000028 T strtoul
00111eb8 00000050 t get_arg
00111f08 00002c38 T __ssvfscanf_r
00114b40 0000066c t get_arg
001151b0 0000339c T _vfprintf_r
0011854c 000000d0 t __sbprintf
0011861c 00000054 T _wcrtomb_r
00118670 00000028 T _wcsrtombs_r
00118698 0000013c T __swsetup_r
001187d4 00000114 T __call_exitprocs
001188e8 000001b0 t quorem
00118a98 000011f8 T _dtoa_r
00119c90 0000015c T _fclose_r
00119dec 00000008 T iswspace
00119df4 0000000c T _localeconv_r
00119e00 00000010 T __locale_mb_cur_max
00119e10 00000138 T __smakebuf_r
00119f48 0000008c T __swhatbuf_r
00119fd4 00000068 T _mbrtowc_r
0011a03c 000002f8 T __utf8_mbtowc
0011a334 00000088 T _Balloc
0011a3bc 0000001c T _Bfree
0011a3d8 000000f4 T __multadd
0011a4cc 00000110 T __s2b
0011a5dc 00000060 T __hi0bits
0011a63c 0000009c T __lo0bits
0011a6d8 000000a8 T __i2b
0011a780 00000204 T __multiply
0011a984 00000124 T __pow5mult
0011aaa8 00000140 T __lshift
0011abe8 00000058 T __mcmp
0011ac40 000001ec T __mdiff
0011ae2c 00000068 T __ulp
0011ae94 000000d0 T __b2d
0011af64 00000120 T __d2b
0011b084 00000078 T __ratio
0011b0fc 00000088 T __copybits
0011b184 0000005c T __any_on
0011b1e0 00000020 T realloc
0011b200 000004a0 T _realloc_r
0011b6a0 000000f4 T __sccl
0011b794 0000000c T nanf
0011b7a0 00000088 T frexp
0011b828 00000064 T sprintf
0011b88c 000000cc T stpncpy
0011b958 00000130 T strchr
0011ba88 00000064 t sulp
0011baf0 000013a8 T _strtod_l
0011ce98 0000000c T _strtod_r
0011cea4 0000022c t _strtoll_l.constprop.0
0011d0d0 00000004 T _strtoll_r
0011d0d4 000001a4 t _strtol_l.part.0
0011d278 0000003c T _strtol_r
0011d2b4 00000244 t _strtoull_l.constprop.0
0011d4f8 00000004 T _strtoull_r
0011d4fc 00000188 T __ssprint_r
0011d684 000000d4 T _sungetc_r
0011d758 0000006c T __ssrefill_r
0011d7c4 000000c4 T _sfread_r
0011d888 0000066c t get_arg
0011def8 00003334 T _svfprintf_r
0012122c 000000a8 T __submore
001212d4 0000066c t get_arg
00121940 00000030 T __sprint_r
00121970 000022ec T _vfiprintf_r
00123c5c 000000d0 t __sbprintf
00123d2c 00000188 T _wcsnrtombs_l
00123eb4 0000004c T _wcsnrtombs_r
00123f00 000000f0 T __utf8_wctomb
00123ff0 0000005c T __assert_func
0012404c 0000003c T fiprintf
00124088 000004b4 T __sfvwrite_r
0012453c 000000f0 t rshift
0012462c 00000814 T __gethex
00124e40 0000004c T __match
00124e8c 0000029c T __hexnan
00125128 0000003c T iswspace_l
00125164 000001d8 t __jp2uc
0012533c 0000009c T _jp2uc_l
001253d8 00000150 T memmove
00125528 00000010 T nan
00125538 00000014 T abort
0012554c 0000008c T category
001255d8 00000090 T _raise_r
00125668 00000018 T raise
00125680 00000008 t null_write
00125688 00000018 T setDefaultDevice
001256a0 000000c8 T FindDevice
00125768 00000028 T RemoveDevice
00125790 0000009c T AddDevice
0012582c 00000020 T GetDeviceOpTab
0012584c 00000078 T _fstat_r
001258c4 00000014 T _getpid_r
001258d8 00000008 T _isatty_r
001258e0 00000014 T _kill_r
001258f4 00000084 T _lseek_r
00125978 00000080 T _read_r
001259f8 00000078 T _sbrk_r
00125a70 00000080 T _write_r
00125af0 00000020 T _exit
00125b10 000001a4 T _concatenate_path
00125cb4 00000140 T chdir
00125df4 00000008 T __flockfile
00125dfc 00000008 T __funlockfile
00125e04 0000003c T __get_handle
00125e40 000000f4 T _close_r
00125f34 0000002c T __getreent
00125f60 0000001c T __libc_lock_acquire
00125f7c 0000001c T __libc_lock_release
00125f98 0000001c T __libc_lock_init_recursive
00125fb4 0000001c T __libc_lock_acquire_recursive
00125fd0 0000001c T __libc_lock_release_recursive
00125fec 0000001c T __libc_lock_close_recursive
00126008 00000038 T __aeabi_d2lz
00126008 00000038 T __fixdfdi
00126040 00000040 T __aeabi_d2ulz
00126040 00000040 T __fixunsdfdi
00126080 00000048 T strrchr
001260c8 T _fini
0012702c R render2d_shbin
001271b8 R render2d_shbin_end
001271b8 R render2d_shbin_size
001271bc 00000005 r colorFmtSizes
001271c4 00000004 r depthFmtSizes
001271c8 00000010 r CSWTCH.9
00127250 00000070 r dotab_stdout
001272c0 00000018 r grayScale
001272d8 00000006 r colorCube
001272e0 00000030 r colorTable
00127334 00000008 r morton_y.2
0012733c 00000008 r morton_x.3
00127344 00000008 r s_sleepWakeEvents.4
0012737c R default_font_bin
00127b7c R default_font_bin_end
00127ba0 00000030 r error_table
00127bd8 00000070 r archive_devoptab
00127c50 00000004 R _global_impure_ptr
00127c5c 00000022 r basefix.0
00127cbc 00000010 r zeroes.0
00127ccc 00000010 r blanks.1
00127cdc 00000101 R _ctype_
00127df0 r .LC2
00127ee4 0000000c r p05.0
00127ef0 00000028 R __mprec_bigtens
00127f18 000000c8 R __mprec_tens
00127ff0 00000014 r fpinan.0
00128004 00000014 r fpi.1
00128018 00000028 r tinytens
00128040 0000006c R __action_table
001280ac 0000006c R __state_table
00128118 00000100 R __chclass
00128218 00000010 r zeroes.0
00128228 00000010 r blanks.1
00128238 00000010 r zeroes.0
00128248 00000010 r blanks.1
001282e8 00000100 R __hexdig
001283fc 00001a7c r d02f4
00129e78 0000172a r b02cf
0012b5a4 00000040 r a8
0012b5e4 000000a2 r a7
0012b688 00000070 r a6
0012b6f8 0000005b r a3
0012b754 000000bc r a2
0012b810 000000bc r a1
0012b8cc 00003528 r categories
0012edf4 00000070 R dotab_stdnull
0012ee64 R __tdata_align
0012ee68 r 
0012ee68 R __exidx_end
0012ee68 R __exidx_start
0012f000 00000004 D clrWhite
0012f004 00000004 D clrBlue
0012f008 00000004 D clrRed
0012f00c 00000004 D clrGreen
0012f010 00000004 d framerate
0012f014 00000008 d framerateCounter
0012f01c 00000001 d firstConsoleInit.0
0012f020 00000004 D currentConsole
0012f024 00000048 D defaultConsole
0012f06c 00000004 d queueLock
0012f070 00000004 d kCount
0012f074 00000004 d kInterval
0012f078 00000004 d kDelay
0012f07c W __stacksize__
0012f080 00000004 D _impure_ptr
0012f088 00000460 d impure_data
0012f4e8 00000004 D __malloc_sbrk_base
0012f4ec 00000004 D __malloc_trim_threshold
0012f4f0 00000408 D __malloc_av_
0012f8f8 0000016c D __global_locale
0012fa64 0000008c D devoptab_list
0012faf0 00000004 d defaultDevice
0012faf4 00000400 d _current_working_directory
0012fef4 00001000 d handles
00130ef4 0000000c d __stderr_handle
00130f00 0000000c d __stdout_handle
00130f0c 0000000c d __stdin_handle
00130f20 d _GLOBAL_OFFSET_TABLE_
00130f2c d __frame_dummy_init_array_entry
00130f2c D __init_array_start
00130f2c B __preinit_array_end
00130f2c B __preinit_array_start
00130f2c D __tdata_lma
00130f2c D __tdata_lma_end
00130f30 d __do_global_dtors_aux_fini_array_entry
00130f30 D __fini_array_start
00130f30 D __init_array_end
00130f34 D __bss_start__
00130f34 D __fini_array_end
00130f34 b completed.1
00130f38 b object.0
00130f50 000005a8 B __C2Di_Context
001314f8 00000040 b s_projBot
00131538 00000040 b s_projTop
00131578 00000004 b uLoc_mdlvMtx
0013157c 00000004 b uLoc_projMtx
00131580 000002d0 B __C3D_Context
00131850 0000000c b hookCookie
00131860 00000010 b cpuTime
00131870 00000004 b firstTarget
00131874 00000008 b frameCounter
0013187c 00000004 b frameEndCb
00131880 00000004 b frameEndCbData
00131888 00000010 b gpuTime
00131898 00000001 b inFrame
00131899 00000001 b inSafeTransfer
0013189a 00000001 b isTopStereo
0013189c 00000004 b lastTarget
001318a0 0000000c b linkedTarget
001318ac 00000001 b measureGpuTime
001318ad 00000001 b needSwapBot
001318ae 00000001 b needSwapTop
001318b0 00000004 B C3D_BoolUnifs
001318b4 00000002 B C3D_BoolUnifsDirty
001318b8 00000c00 B C3D_FVUnif
001324b8 000000c0 B C3D_FVUnifDirty
00132578 00000020 B C3D_IVUnif
00132598 00000008 B C3D_IVUnifDirty
001325a0 000000c0 b C3Di_FVUnifEverDirty
00132660 00000008 b C3Di_IVUnifEverDirty
00132668 00000018 b C3Di_ShaderFVecData
00132680 00000008 b sVramPoolB
00132688 00000008 b sVramPoolA
00132690 0000000c b sAddrMap
001326a0 00000008 b sLinearPool
001326a8 0000000c b sAddrMap
001326b4 00000001 V __ctru_speedup
001326b8 00000048 B currentCopy
00132700 00000004 b screenAlloc
00132704 00000004 b screenFree
00132708 00000002 b gfxIsDoubleBuf
0013270c 00000002 b gfxCurBuf
0013270e 00000001 b gfxIsVram
0013270f 00000001 b gfxTopMode
00132710 00000002 b gfxFramebufferFormats
00132714 00000004 b gfxBottomFramebufferMaxSize
00132718 00000004 b gfxTopFramebufferMaxSize
00132720 00000008 b gfxBottomFramebuffers
00132728 00000008 b gfxTopFramebuffers
00132730 00000004 b boundQueue
00132734 00000001 b shouldStop
00132735 00000001 b isRunning
00132736 00000001 b isActive
00132738 00000004 b curQueue
0013273c 00000004 B gpuCmdBufOffset
00132740 00000004 B gpuCmdBufSize
00132744 00000004 B gpuCmdBuf
00132748 00000007 b gspEventCbOneShot
00132750 0000001c b gspEventCbData
0013276c 0000001c b gspEventCb
00132788 00000038 b gspEvents
001327c0 00000004 b gspLastEvent
001327c4 00000001 b gspRunEvents
001327c8 00000004 b gspEventThread
001327cc 00000004 b gspEvent
001327d0 00000001 b gspGpuRight
001327d1 00000001 b gspThreadId
001327d4 00000004 b gspSharedMem
001327d8 00000004 b gspSharedMemHandle
001327dc 00000004 b gspRefCount
001327e0 00000004 b gspGpuHandle
001327e4 00000001 b flagValue.0
001327e5 00000001 b flagInit.1
001327e8 00000004 b serviceName.6
001327ec 00000001 b aptChainloadMediatype
001327f0 00000008 b aptChainloadTid
001327f8 00000001 b aptChainloadFlags
001327fc 00001000 b aptParameters
001337fc 00000004 b aptFlags
00133800 00000001 b aptHomeButtonState
00133804 00000004 b aptMessageFuncData
00133808 00000004 b aptMessageFunc
0013380c 0000000c b aptFirstHook
00133818 00000001 b aptEventHandlerThreadQuit
0013381c 00000004 b aptEventHandlerThread
00133820 00000008 b aptSleepEvent
00133828 00000008 b aptReceiveEvent
00133830 00000008 b aptEvents
00133838 00000004 b aptLockHandle
0013383c 00000004 b aptRefCount
00133840 00000001 b usingIrrst
00133844 00000004 b hidRefCount
00133848 00000006 b gRate
00133850 00000006 b aVec
00133858 00000004 b cPos
0013385c 00000004 b tPos
00133860 00000004 b kRepeat
00133864 00000004 b kUp
00133868 00000004 b kDown
0013386c 00000004 b kHeld
00133870 00000004 b kOld
00133874 00000004 B hidSharedMem
00133878 00000014 B hidEvents
0013388c 00000004 B hidMemHandle
00133890 00000004 B hidHandle
00133894 00000004 b ptmSysmRefCount
00133898 00000004 b ptmSysmHandle
0013389c 00000004 V __ctru_linear_heap_size
001338a0 00000004 V __ctru_heap_size
001338a4 00000004 B __ctru_linear_heap
001338a8 00000004 B __ctru_heap
001338ac 00000004 B __system_retAddr
001338b0 00000004 B __system_argv
001338b4 00000004 B __system_argc
001338b8 b saved_stack
001338c0 00000004 b arbiter
001338c4 00000004 B __3dslink_host
001338c8 00000004 b srvRefCount
001338cc 00000004 b srvHandle
001338d0 00000004 b currentAddr
001338d4 00000004 b maxAddr
001338d8 00000004 b minAddr
001338dc 00000004 b irrstRefCount
001338e0 00000004 b csPos
001338e4 00000004 b kHeld
001338e8 00000004 B irrstSharedMem
001338ec 00000004 B irrstEvent
001338f0 00000004 B irrstMemHandle
001338f4 00000004 B irrstHandle
001338f8 00000004 b srvPmHandle
00133900 00000540 b archive_devices
00133e40 00000004 b archive_device_cwd
00133e44 00000001 b archive_initialized
00133e48 00000080 b fsExemptArchives
00133ec8 00000004 b fsuRefCount
00133ecc 00000004 b fsuHandle
00133ed0 0000000c b __sinit_recursive_mutex
00133edc 0000000c b __sfp_recursive_mutex
00133ee8 00000028 B __malloc_current_mallinfo
00133f10 00000004 B __malloc_max_total_mem
00133f14 00000004 B __malloc_max_sbrked_mem
00133f18 00000004 B __malloc_top_pad
00133f1c 0000000c b __malloc_recursive_mutex
00133f28 0000000c B __atexit_recursive_mutex
00133f34 00000004 b heap_start.0
00133f38 00000004 B fake_heap_start
00133f3c 00000004 B fake_heap_end
00133f40 00000400 b temp_cwd
00134340 00000004 b __hndl_lock
00134344 B __tls_start
00134f4c B __bss_end__
00134f4c A __end__
00134f4c B __tls_end
